<?xml version="1.0" encoding="UTF-8"?>
<testng-results ignored="0" total="1" passed="1" failed="0" skipped="0">
  <reporter-output>
  </reporter-output>
  <suite started-at="2020-11-24T05:19:44 IST" name="Default suite" finished-at="2020-11-24T05:20:12 IST" duration-ms="28085">
    <groups>
    </groups>
    <test started-at="2020-11-24T05:19:44 IST" name="Default test" finished-at="2020-11-24T05:20:12 IST" duration-ms="28085">
      <class name="com.wordpress.test.LoginFunctionalityTest">
        <test-method signature="startbrowser()[pri:0, instance:com.wordpress.test.LoginFunctionalityTest@1d082e88]" started-at="2020-11-24T05:19:44 IST" name="startbrowser" finished-at="2020-11-24T05:20:12 IST" duration-ms="28037" status="PASS">
          <reporter-output>
          </reporter-output>
        </test-method> <!-- startbrowser -->
      </class> <!-- com.wordpress.test.LoginFunctionalityTest -->
    </test> <!-- Default test -->
  </suite> <!-- Default suite -->
</testng-results>
